# JRE version: Java(TM) SE Runtime Environment (8.0_45-b14) (build 1.8.0_45-b14)
# Java VM: Java HotSpot(TM) 64-Bit Server VM (25.45-b02 mixed mode linux-amd64 compressed oops)
Heap:
 PSYoungGen      total 256512K, used 8552K [0x00000000eab00000, 0x00000000fbf00000, 0x0000000100000000)
  eden space 236544K, 0% used [0x00000000eab00000,0x00000000eab00000,0x00000000f9200000)
  from space 19968K, 42% used [0x00000000f9200000,0x00000000f9a5a200,0x00000000fa580000)
  to   space 13824K, 0% used [0x00000000fa580000,0x00000000fa580000,0x00000000fb300000)
 ParOldGen       total 58880K, used 27750K [0x00000000c0000000, 0x00000000c3980000, 0x00000000eab00000)
  object space 58880K, 47% used [0x00000000c0000000,0x00000000c1b19a50,0x00000000c3980000)
 Metaspace       used 7860K, capacity 8106K, committed 8320K, reserved 1056768K
  class space    used 755K, capacity 789K, committed 896K, reserved 1048576K
GC Heap History (10 events):
Event: 3,102 GC heap after
Heap after GC invocations=5 (full 0):
 PSYoungGen      total 64000K, used 2546K [0x00000000eab00000, 0x00000000f3c00000, 0x0000000100000000)
  eden space 61440K, 0% used [0x00000000eab00000,0x00000000eab00000,0x00000000ee700000)
  from space 2560K, 99% used [0x00000000ee700000,0x00000000ee97cac8,0x00000000ee980000)
  to   space 12800K, 0% used [0x00000000f2f80000,0x00000000f2f80000,0x00000000f3c00000)
 ParOldGen       total 40960K, used 23795K [0x00000000c0000000, 0x00000000c2800000, 0x00000000eab00000)
  object space 40960K, 58% used [0x00000000c0000000,0x00000000c173cc48,0x00000000c2800000)
 Metaspace       used 7727K, capacity 8068K, committed 8192K, reserved 1056768K
  class space    used 746K, capacity 756K, committed 768K, reserved 1048576K
}
Event: 3,407 GC heap before
{Heap before GC invocations=6 (full 0):
 PSYoungGen      total 64000K, used 63986K [0x00000000eab00000, 0x00000000f3c00000, 0x0000000100000000)
  eden space 61440K, 100% used [0x00000000eab00000,0x00000000ee700000,0x00000000ee700000)
  from space 2560K, 99% used [0x00000000ee700000,0x00000000ee97cac8,0x00000000ee980000)
  to   space 12800K, 0% used [0x00000000f2f80000,0x00000000f2f80000,0x00000000f3c00000)
 ParOldGen       total 40960K, used 23795K [0x00000000c0000000, 0x00000000c2800000, 0x00000000eab00000)
  object space 40960K, 58% used [0x00000000c0000000,0x00000000c173cc48,0x00000000c2800000)
 Metaspace       used 7822K, capacity 8106K, committed 8320K, reserved 1056768K
  class space    used 755K, capacity 789K, committed 896K, reserved 1048576K
Event: 3,454 GC heap after
Heap after GC invocations=6 (full 0):
 PSYoungGen      total 134144K, used 11078K [0x00000000eab00000, 0x00000000f3f00000, 0x0000000100000000)
  eden space 121344K, 0% used [0x00000000eab00000,0x00000000eab00000,0x00000000f2180000)
  from space 12800K, 86% used [0x00000000f2f80000,0x00000000f3a518d0,0x00000000f3c00000)
  to   space 14336K, 0% used [0x00000000f2180000,0x00000000f2180000,0x00000000f2f80000)
 ParOldGen       total 40960K, used 26565K [0x00000000c0000000, 0x00000000c2800000, 0x00000000eab00000)
  object space 40960K, 64% used [0x00000000c0000000,0x00000000c19f1468,0x00000000c2800000)
 Metaspace       used 7822K, capacity 8106K, committed 8320K, reserved 1056768K
  class space    used 755K, capacity 789K, committed 896K, reserved 1048576K
}
Event: 3,999 GC heap before
{Heap before GC invocations=7 (full 0):
 PSYoungGen      total 134144K, used 131339K [0x00000000eab00000, 0x00000000f3f00000, 0x0000000100000000)
  eden space 121344K, 99% used [0x00000000eab00000,0x00000000f20715a8,0x00000000f2180000)
  from space 12800K, 86% used [0x00000000f2f80000,0x00000000f3a518d0,0x00000000f3c00000)
  to   space 14336K, 0% used [0x00000000f2180000,0x00000000f2180000,0x00000000f2f80000)
 ParOldGen       total 40960K, used 26565K [0x00000000c0000000, 0x00000000c2800000, 0x00000000eab00000)
  object space 40960K, 64% used [0x00000000c0000000,0x00000000c19f1468,0x00000000c2800000)
 Metaspace       used 7844K, capacity 8106K, committed 8320K, reserved 1056768K
  class space    used 755K, capacity 789K, committed 896K, reserved 1048576K
Event: 4,019 GC heap after
Heap after GC invocations=7 (full 0):
 PSYoungGen      total 135680K, used 4637K [0x00000000eab00000, 0x00000000fb300000, 0x0000000100000000)
  eden space 121344K, 0% used [0x00000000eab00000,0x00000000eab00000,0x00000000f2180000)
  from space 14336K, 32% used [0x00000000f2180000,0x00000000f26077c8,0x00000000f2f80000)
  to   space 13824K, 0% used [0x00000000fa580000,0x00000000fa580000,0x00000000fb300000)
 ParOldGen       total 40960K, used 28153K [0x00000000c0000000, 0x00000000c2800000, 0x00000000eab00000)
  object space 40960K, 68% used [0x00000000c0000000,0x00000000c1b7e708,0x00000000c2800000)
 Metaspace       used 7844K, capacity 8106K, committed 8320K, reserved 1056768K
  class space    used 755K, capacity 789K, committed 896K, reserved 1048576K
}
Event: 4,408 GC heap before
{Heap before GC invocations=8 (full 0):
 PSYoungGen      total 135680K, used 125981K [0x00000000eab00000, 0x00000000fb300000, 0x0000000100000000)
  eden space 121344K, 100% used [0x00000000eab00000,0x00000000f2180000,0x00000000f2180000)
  from space 14336K, 32% used [0x00000000f2180000,0x00000000f26077c8,0x00000000f2f80000)
  to   space 13824K, 0% used [0x00000000fa580000,0x00000000fa580000,0x00000000fb300000)
 ParOldGen       total 40960K, used 28153K [0x00000000c0000000, 0x00000000c2800000, 0x00000000eab00000)
  object space 40960K, 68% used [0x00000000c0000000,0x00000000c1b7e708,0x00000000c2800000)
 Metaspace       used 7852K, capacity 8106K, committed 8320K, reserved 1056768K
  class space    used 755K, capacity 789K, committed 896K, reserved 1048576K
Event: 4,442 GC heap after
Heap after GC invocations=8 (full 0):
 PSYoungGen      total 250368K, used 13800K [0x00000000eab00000, 0x00000000fbf00000, 0x0000000100000000)
  eden space 236544K, 0% used [0x00000000eab00000,0x00000000eab00000,0x00000000f9200000)
  from space 13824K, 99% used [0x00000000fa580000,0x00000000fb2fa228,0x00000000fb300000)
  to   space 19968K, 0% used [0x00000000f9200000,0x00000000f9200000,0x00000000fa580000)
 ParOldGen       total 40960K, used 37125K [0x00000000c0000000, 0x00000000c2800000, 0x00000000eab00000)
  object space 40960K, 90% used [0x00000000c0000000,0x00000000c2441430,0x00000000c2800000)
 Metaspace       used 7852K, capacity 8106K, committed 8320K, reserved 1056768K
  class space    used 755K, capacity 789K, committed 896K, reserved 1048576K
}
Event: 4,442 GC heap before
{Heap before GC invocations=9 (full 1):
 PSYoungGen      total 250368K, used 13800K [0x00000000eab00000, 0x00000000fbf00000, 0x0000000100000000)
  eden space 236544K, 0% used [0x00000000eab00000,0x00000000eab00000,0x00000000f9200000)
  from space 13824K, 99% used [0x00000000fa580000,0x00000000fb2fa228,0x00000000fb300000)
  to   space 19968K, 0% used [0x00000000f9200000,0x00000000f9200000,0x00000000fa580000)
 ParOldGen       total 40960K, used 37125K [0x00000000c0000000, 0x00000000c2800000, 0x00000000eab00000)
  object space 40960K, 90% used [0x00000000c0000000,0x00000000c2441430,0x00000000c2800000)
 Metaspace       used 7852K, capacity 8106K, committed 8320K, reserved 1056768K
  class space    used 755K, capacity 789K, committed 896K, reserved 1048576K
Event: 4,545 GC heap after
Heap after GC invocations=9 (full 1):
 PSYoungGen      total 250368K, used 0K [0x00000000eab00000, 0x00000000fbf00000, 0x0000000100000000)
  eden space 236544K, 0% used [0x00000000eab00000,0x00000000eab00000,0x00000000f9200000)
  from space 13824K, 0% used [0x00000000fa580000,0x00000000fa580000,0x00000000fb300000)
  to   space 19968K, 0% used [0x00000000f9200000,0x00000000f9200000,0x00000000fa580000)
 ParOldGen       total 58880K, used 27742K [0x00000000c0000000, 0x00000000c3980000, 0x00000000eab00000)
  object space 58880K, 47% used [0x00000000c0000000,0x00000000c1b17a50,0x00000000c3980000)
 Metaspace       used 7852K, capacity 8106K, committed 8320K, reserved 1056768K
  class space    used 755K, capacity 789K, committed 896K, reserved 1048576K
}
Event: 6,496 GC heap before
{Heap before GC invocations=10 (full 1):
 PSYoungGen      total 250368K, used 230953K [0x00000000eab00000, 0x00000000fbf00000, 0x0000000100000000)
  eden space 236544K, 97% used [0x00000000eab00000,0x00000000f8c8a5b8,0x00000000f9200000)
  from space 13824K, 0% used [0x00000000fa580000,0x00000000fa580000,0x00000000fb300000)
  to   space 19968K, 0% used [0x00000000f9200000,0x00000000f9200000,0x00000000fa580000)
 ParOldGen       total 58880K, used 27742K [0x00000000c0000000, 0x00000000c3980000, 0x00000000eab00000)
  object space 58880K, 47% used [0x00000000c0000000,0x00000000c1b17a50,0x00000000c3980000)
 Metaspace       used 7860K, capacity 8106K, committed 8320K, reserved 1056768K
  class space    used 755K, capacity 789K, committed 896K, reserved 1048576K

