# JRE version: Java(TM) SE Runtime Environment (8.0_45-b14) (build 1.8.0_45-b14)
# Java VM: Java HotSpot(TM) 64-Bit Server VM (25.45-b02 mixed mode linux-amd64 compressed oops)
Heap:
 PSYoungGen      total 260096K, used 17344K [0x00000000eab00000, 0x00000000fbc00000, 0x0000000100000000)
  eden space 242688K, 0% used [0x00000000eab00000,0x00000000eab00000,0x00000000f9800000)
  from space 17408K, 99% used [0x00000000f9800000,0x00000000fa8f0340,0x00000000fa900000)
  to   space 15360K, 0% used [0x00000000fa900000,0x00000000fa900000,0x00000000fb800000)
 ParOldGen       total 59904K, used 27664K [0x00000000c0000000, 0x00000000c3a80000, 0x00000000eab00000)
  object space 59904K, 46% used [0x00000000c0000000,0x00000000c1b042b0,0x00000000c3a80000)
 Metaspace       used 7825K, capacity 8106K, committed 8320K, reserved 1056768K
  class space    used 754K, capacity 789K, committed 896K, reserved 1048576K
GC Heap History (10 events):
Event: 3,487 GC heap after
Heap after GC invocations=5 (full 0):
 PSYoungGen      total 64000K, used 2543K [0x00000000eab00000, 0x00000000f3c00000, 0x0000000100000000)
  eden space 61440K, 0% used [0x00000000eab00000,0x00000000eab00000,0x00000000ee700000)
  from space 2560K, 99% used [0x00000000ee700000,0x00000000ee97beb8,0x00000000ee980000)
  to   space 12800K, 0% used [0x00000000f2f80000,0x00000000f2f80000,0x00000000f3c00000)
 ParOldGen       total 40960K, used 23727K [0x00000000c0000000, 0x00000000c2800000, 0x00000000eab00000)
  object space 40960K, 57% used [0x00000000c0000000,0x00000000c172bff8,0x00000000c2800000)
 Metaspace       used 7705K, capacity 8004K, committed 8192K, reserved 1056768K
  class space    used 746K, capacity 756K, committed 768K, reserved 1048576K
}
Event: 3,738 GC heap before
{Heap before GC invocations=6 (full 0):
 PSYoungGen      total 64000K, used 63983K [0x00000000eab00000, 0x00000000f3c00000, 0x0000000100000000)
  eden space 61440K, 100% used [0x00000000eab00000,0x00000000ee700000,0x00000000ee700000)
  from space 2560K, 99% used [0x00000000ee700000,0x00000000ee97beb8,0x00000000ee980000)
  to   space 12800K, 0% used [0x00000000f2f80000,0x00000000f2f80000,0x00000000f3c00000)
 ParOldGen       total 40960K, used 23727K [0x00000000c0000000, 0x00000000c2800000, 0x00000000eab00000)
  object space 40960K, 57% used [0x00000000c0000000,0x00000000c172bff8,0x00000000c2800000)
 Metaspace       used 7799K, capacity 8042K, committed 8320K, reserved 1056768K
  class space    used 754K, capacity 789K, committed 896K, reserved 1048576K
Event: 3,776 GC heap after
Heap after GC invocations=6 (full 0):
 PSYoungGen      total 135168K, used 9668K [0x00000000eab00000, 0x00000000f3d00000, 0x0000000100000000)
  eden space 122368K, 0% used [0x00000000eab00000,0x00000000eab00000,0x00000000f2280000)
  from space 12800K, 75% used [0x00000000f2f80000,0x00000000f38f10c0,0x00000000f3c00000)
  to   space 13312K, 0% used [0x00000000f2280000,0x00000000f2280000,0x00000000f2f80000)
 ParOldGen       total 40960K, used 23727K [0x00000000c0000000, 0x00000000c2800000, 0x00000000eab00000)
  object space 40960K, 57% used [0x00000000c0000000,0x00000000c172bff8,0x00000000c2800000)
 Metaspace       used 7799K, capacity 8042K, committed 8320K, reserved 1056768K
  class space    used 754K, capacity 789K, committed 896K, reserved 1048576K
}
Event: 4,367 GC heap before
{Heap before GC invocations=7 (full 0):
 PSYoungGen      total 135168K, used 132036K [0x00000000eab00000, 0x00000000f3d00000, 0x0000000100000000)
  eden space 122368K, 100% used [0x00000000eab00000,0x00000000f2280000,0x00000000f2280000)
  from space 12800K, 75% used [0x00000000f2f80000,0x00000000f38f10c0,0x00000000f3c00000)
  to   space 13312K, 0% used [0x00000000f2280000,0x00000000f2280000,0x00000000f2f80000)
 ParOldGen       total 40960K, used 23727K [0x00000000c0000000, 0x00000000c2800000, 0x00000000eab00000)
  object space 40960K, 57% used [0x00000000c0000000,0x00000000c172bff8,0x00000000c2800000)
 Metaspace       used 7806K, capacity 8042K, committed 8320K, reserved 1056768K
  class space    used 754K, capacity 789K, committed 896K, reserved 1048576K
Event: 4,385 GC heap after
Heap after GC invocations=7 (full 0):
 PSYoungGen      total 135680K, used 13023K [0x00000000eab00000, 0x00000000fb800000, 0x0000000100000000)
  eden space 122368K, 0% used [0x00000000eab00000,0x00000000eab00000,0x00000000f2280000)
  from space 13312K, 97% used [0x00000000f2280000,0x00000000f2f37d28,0x00000000f2f80000)
  to   space 15360K, 0% used [0x00000000fa900000,0x00000000fa900000,0x00000000fb800000)
 ParOldGen       total 40960K, used 24513K [0x00000000c0000000, 0x00000000c2800000, 0x00000000eab00000)
  object space 40960K, 59% used [0x00000000c0000000,0x00000000c17f0688,0x00000000c2800000)
 Metaspace       used 7806K, capacity 8042K, committed 8320K, reserved 1056768K
  class space    used 754K, capacity 789K, committed 896K, reserved 1048576K
}
Event: 4,901 GC heap before
{Heap before GC invocations=8 (full 0):
 PSYoungGen      total 135680K, used 135391K [0x00000000eab00000, 0x00000000fb800000, 0x0000000100000000)
  eden space 122368K, 100% used [0x00000000eab00000,0x00000000f2280000,0x00000000f2280000)
  from space 13312K, 97% used [0x00000000f2280000,0x00000000f2f37d28,0x00000000f2f80000)
  to   space 15360K, 0% used [0x00000000fa900000,0x00000000fa900000,0x00000000fb800000)
 ParOldGen       total 40960K, used 24513K [0x00000000c0000000, 0x00000000c2800000, 0x00000000eab00000)
  object space 40960K, 59% used [0x00000000c0000000,0x00000000c17f0688,0x00000000c2800000)
 Metaspace       used 7814K, capacity 8106K, committed 8320K, reserved 1056768K
  class space    used 754K, capacity 789K, committed 896K, reserved 1048576K
Event: 4,940 GC heap after
Heap after GC invocations=8 (full 0):
 PSYoungGen      total 258048K, used 14863K [0x00000000eab00000, 0x00000000fbc00000, 0x0000000100000000)
  eden space 242688K, 0% used [0x00000000eab00000,0x00000000eab00000,0x00000000f9800000)
  from space 15360K, 96% used [0x00000000fa900000,0x00000000fb783ee0,0x00000000fb800000)
  to   space 17408K, 0% used [0x00000000f9800000,0x00000000f9800000,0x00000000fa900000)
 ParOldGen       total 40960K, used 36372K [0x00000000c0000000, 0x00000000c2800000, 0x00000000eab00000)
  object space 40960K, 88% used [0x00000000c0000000,0x00000000c23850c0,0x00000000c2800000)
 Metaspace       used 7814K, capacity 8106K, committed 8320K, reserved 1056768K
  class space    used 754K, capacity 789K, committed 896K, reserved 1048576K
}
Event: 4,941 GC heap before
{Heap before GC invocations=9 (full 1):
 PSYoungGen      total 258048K, used 14863K [0x00000000eab00000, 0x00000000fbc00000, 0x0000000100000000)
  eden space 242688K, 0% used [0x00000000eab00000,0x00000000eab00000,0x00000000f9800000)
  from space 15360K, 96% used [0x00000000fa900000,0x00000000fb783ee0,0x00000000fb800000)
  to   space 17408K, 0% used [0x00000000f9800000,0x00000000f9800000,0x00000000fa900000)
 ParOldGen       total 40960K, used 36372K [0x00000000c0000000, 0x00000000c2800000, 0x00000000eab00000)
  object space 40960K, 88% used [0x00000000c0000000,0x00000000c23850c0,0x00000000c2800000)
 Metaspace       used 7814K, capacity 8106K, committed 8320K, reserved 1056768K
  class space    used 754K, capacity 789K, committed 896K, reserved 1048576K
Event: 5,058 GC heap after
Heap after GC invocations=9 (full 1):
 PSYoungGen      total 258048K, used 0K [0x00000000eab00000, 0x00000000fbc00000, 0x0000000100000000)
  eden space 242688K, 0% used [0x00000000eab00000,0x00000000eab00000,0x00000000f9800000)
  from space 15360K, 0% used [0x00000000fa900000,0x00000000fa900000,0x00000000fb800000)
  to   space 17408K, 0% used [0x00000000f9800000,0x00000000f9800000,0x00000000fa900000)
 ParOldGen       total 59904K, used 27664K [0x00000000c0000000, 0x00000000c3a80000, 0x00000000eab00000)
  object space 59904K, 46% used [0x00000000c0000000,0x00000000c1b042b0,0x00000000c3a80000)
 Metaspace       used 7814K, capacity 8106K, committed 8320K, reserved 1056768K
  class space    used 754K, capacity 789K, committed 896K, reserved 1048576K
}
Event: 6,025 GC heap before
{Heap before GC invocations=10 (full 1):
 PSYoungGen      total 258048K, used 242688K [0x00000000eab00000, 0x00000000fbc00000, 0x0000000100000000)
  eden space 242688K, 100% used [0x00000000eab00000,0x00000000f9800000,0x00000000f9800000)
  from space 15360K, 0% used [0x00000000fa900000,0x00000000fa900000,0x00000000fb800000)
  to   space 17408K, 0% used [0x00000000f9800000,0x00000000f9800000,0x00000000fa900000)
 ParOldGen       total 59904K, used 27664K [0x00000000c0000000, 0x00000000c3a80000, 0x00000000eab00000)
  object space 59904K, 46% used [0x00000000c0000000,0x00000000c1b042b0,0x00000000c3a80000)
 Metaspace       used 7825K, capacity 8106K, committed 8320K, reserved 1056768K
  class space    used 754K, capacity 789K, committed 896K, reserved 1048576K

