# JRE version: Java(TM) SE Runtime Environment (8.0_45-b14) (build 1.8.0_45-b14)
# Java VM: Java HotSpot(TM) 64-Bit Server VM (25.45-b02 mixed mode linux-amd64 compressed oops)
Heap:
 PSYoungGen      total 134144K, used 10614K [0x00000000eab00000, 0x00000000f3900000, 0x0000000100000000)
  eden space 122880K, 0% used [0x00000000eab00000,0x00000000eab00000,0x00000000f2300000)
  from space 11264K, 94% used [0x00000000f2300000,0x00000000f2d5d888,0x00000000f2e00000)
  to   space 11264K, 0% used [0x00000000f2e00000,0x00000000f2e00000,0x00000000f3900000)
 ParOldGen       total 40960K, used 24536K [0x00000000c0000000, 0x00000000c2800000, 0x00000000eab00000)
  object space 40960K, 59% used [0x00000000c0000000,0x00000000c17f6068,0x00000000c2800000)
 Metaspace       used 7791K, capacity 8074K, committed 8320K, reserved 1056768K
  class space    used 757K, capacity 821K, committed 896K, reserved 1048576K
GC Heap History (10 events):
Event: 1,492 GC heap after
Heap after GC invocations=2 (full 0):
 PSYoungGen      total 33280K, used 2530K [0x00000000eab00000, 0x00000000ece00000, 0x0000000100000000)
  eden space 30720K, 0% used [0x00000000eab00000,0x00000000eab00000,0x00000000ec900000)
  from space 2560K, 98% used [0x00000000ecb80000,0x00000000ecdf8ac0,0x00000000ece00000)
  to   space 2560K, 0% used [0x00000000ec900000,0x00000000ec900000,0x00000000ecb80000)
 ParOldGen       total 40960K, used 5037K [0x00000000c0000000, 0x00000000c2800000, 0x00000000eab00000)
  object space 40960K, 12% used [0x00000000c0000000,0x00000000c04eb428,0x00000000c2800000)
 Metaspace       used 5554K, capacity 6896K, committed 7040K, reserved 1056768K
  class space    used 544K, capacity 616K, committed 640K, reserved 1048576K
}
Event: 1,759 GC heap before
{Heap before GC invocations=3 (full 0):
 PSYoungGen      total 33280K, used 32801K [0x00000000eab00000, 0x00000000ece00000, 0x0000000100000000)
  eden space 30720K, 98% used [0x00000000eab00000,0x00000000ec88fad8,0x00000000ec900000)
  from space 2560K, 98% used [0x00000000ecb80000,0x00000000ecdf8ac0,0x00000000ece00000)
  to   space 2560K, 0% used [0x00000000ec900000,0x00000000ec900000,0x00000000ecb80000)
 ParOldGen       total 40960K, used 5037K [0x00000000c0000000, 0x00000000c2800000, 0x00000000eab00000)
  object space 40960K, 12% used [0x00000000c0000000,0x00000000c04eb428,0x00000000c2800000)
 Metaspace       used 5618K, capacity 6896K, committed 7040K, reserved 1056768K
  class space    used 544K, capacity 616K, committed 640K, reserved 1048576K
Event: 1,775 GC heap after
Heap after GC invocations=3 (full 0):
 PSYoungGen      total 33280K, used 2542K [0x00000000eab00000, 0x00000000eec00000, 0x0000000100000000)
  eden space 30720K, 0% used [0x00000000eab00000,0x00000000eab00000,0x00000000ec900000)
  from space 2560K, 99% used [0x00000000ec900000,0x00000000ecb7bbe0,0x00000000ecb80000)
  to   space 2560K, 0% used [0x00000000ee980000,0x00000000ee980000,0x00000000eec00000)
 ParOldGen       total 40960K, used 13570K [0x00000000c0000000, 0x00000000c2800000, 0x00000000eab00000)
  object space 40960K, 33% used [0x00000000c0000000,0x00000000c0d40b28,0x00000000c2800000)
 Metaspace       used 5618K, capacity 6896K, committed 7040K, reserved 1056768K
  class space    used 544K, capacity 616K, committed 640K, reserved 1048576K
}
Event: 2,570 GC heap before
{Heap before GC invocations=4 (full 0):
 PSYoungGen      total 33280K, used 33262K [0x00000000eab00000, 0x00000000eec00000, 0x0000000100000000)
  eden space 30720K, 100% used [0x00000000eab00000,0x00000000ec900000,0x00000000ec900000)
  from space 2560K, 99% used [0x00000000ec900000,0x00000000ecb7bbe0,0x00000000ecb80000)
  to   space 2560K, 0% used [0x00000000ee980000,0x00000000ee980000,0x00000000eec00000)
 ParOldGen       total 40960K, used 13570K [0x00000000c0000000, 0x00000000c2800000, 0x00000000eab00000)
  object space 40960K, 33% used [0x00000000c0000000,0x00000000c0d40b28,0x00000000c2800000)
 Metaspace       used 7632K, capacity 8036K, committed 8320K, reserved 1056768K
  class space    used 748K, capacity 788K, committed 896K, reserved 1048576K
Event: 2,602 GC heap after
Heap after GC invocations=4 (full 0):
 PSYoungGen      total 64000K, used 2550K [0x00000000eab00000, 0x00000000eec00000, 0x0000000100000000)
  eden space 61440K, 0% used [0x00000000eab00000,0x00000000eab00000,0x00000000ee700000)
  from space 2560K, 99% used [0x00000000ee980000,0x00000000eebfd9b0,0x00000000eec00000)
  to   space 2560K, 0% used [0x00000000ee700000,0x00000000ee700000,0x00000000ee980000)
 ParOldGen       total 40960K, used 19455K [0x00000000c0000000, 0x00000000c2800000, 0x00000000eab00000)
  object space 40960K, 47% used [0x00000000c0000000,0x00000000c12ffe18,0x00000000c2800000)
 Metaspace       used 7632K, capacity 8036K, committed 8320K, reserved 1056768K
  class space    used 748K, capacity 788K, committed 896K, reserved 1048576K
}
Event: 3,159 GC heap before
{Heap before GC invocations=5 (full 0):
 PSYoungGen      total 64000K, used 63990K [0x00000000eab00000, 0x00000000eec00000, 0x0000000100000000)
  eden space 61440K, 100% used [0x00000000eab00000,0x00000000ee700000,0x00000000ee700000)
  from space 2560K, 99% used [0x00000000ee980000,0x00000000eebfd9b0,0x00000000eec00000)
  to   space 2560K, 0% used [0x00000000ee700000,0x00000000ee700000,0x00000000ee980000)
 ParOldGen       total 40960K, used 19455K [0x00000000c0000000, 0x00000000c2800000, 0x00000000eab00000)
  object space 40960K, 47% used [0x00000000c0000000,0x00000000c12ffe18,0x00000000c2800000)
 Metaspace       used 7691K, capacity 8036K, committed 8320K, reserved 1056768K
  class space    used 748K, capacity 788K, committed 896K, reserved 1048576K
Event: 3,202 GC heap after
Heap after GC invocations=5 (full 0):
 PSYoungGen      total 64000K, used 2532K [0x00000000eab00000, 0x00000000f3900000, 0x0000000100000000)
  eden space 61440K, 0% used [0x00000000eab00000,0x00000000eab00000,0x00000000ee700000)
  from space 2560K, 98% used [0x00000000ee700000,0x00000000ee9792f8,0x00000000ee980000)
  to   space 11264K, 0% used [0x00000000f2e00000,0x00000000f2e00000,0x00000000f3900000)
 ParOldGen       total 40960K, used 23246K [0x00000000c0000000, 0x00000000c2800000, 0x00000000eab00000)
  object space 40960K, 56% used [0x00000000c0000000,0x00000000c16b3830,0x00000000c2800000)
 Metaspace       used 7691K, capacity 8036K, committed 8320K, reserved 1056768K
  class space    used 748K, capacity 788K, committed 896K, reserved 1048576K
}
Event: 3,879 GC heap before
{Heap before GC invocations=6 (full 0):
 PSYoungGen      total 64000K, used 63972K [0x00000000eab00000, 0x00000000f3900000, 0x0000000100000000)
  eden space 61440K, 100% used [0x00000000eab00000,0x00000000ee700000,0x00000000ee700000)
  from space 2560K, 98% used [0x00000000ee700000,0x00000000ee9792f8,0x00000000ee980000)
  to   space 11264K, 0% used [0x00000000f2e00000,0x00000000f2e00000,0x00000000f3900000)
 ParOldGen       total 40960K, used 23246K [0x00000000c0000000, 0x00000000c2800000, 0x00000000eab00000)
  object space 40960K, 56% used [0x00000000c0000000,0x00000000c16b3830,0x00000000c2800000)
 Metaspace       used 7784K, capacity 8074K, committed 8320K, reserved 1056768K
  class space    used 757K, capacity 821K, committed 896K, reserved 1048576K
Event: 3,905 GC heap after
Heap after GC invocations=6 (full 0):
 PSYoungGen      total 134144K, used 8420K [0x00000000eab00000, 0x00000000f3900000, 0x0000000100000000)
  eden space 122880K, 0% used [0x00000000eab00000,0x00000000eab00000,0x00000000f2300000)
  from space 11264K, 74% used [0x00000000f2e00000,0x00000000f3639158,0x00000000f3900000)
  to   space 11264K, 0% used [0x00000000f2300000,0x00000000f2300000,0x00000000f2e00000)
 ParOldGen       total 40960K, used 23246K [0x00000000c0000000, 0x00000000c2800000, 0x00000000eab00000)
  object space 40960K, 56% used [0x00000000c0000000,0x00000000c16b3830,0x00000000c2800000)
 Metaspace       used 7784K, capacity 8074K, committed 8320K, reserved 1056768K
  class space    used 757K, capacity 821K, committed 896K, reserved 1048576K
}
Event: 5,871 GC heap before
{Heap before GC invocations=7 (full 0):
 PSYoungGen      total 134144K, used 131300K [0x00000000eab00000, 0x00000000f3900000, 0x0000000100000000)
  eden space 122880K, 100% used [0x00000000eab00000,0x00000000f2300000,0x00000000f2300000)
  from space 11264K, 74% used [0x00000000f2e00000,0x00000000f3639158,0x00000000f3900000)
  to   space 11264K, 0% used [0x00000000f2300000,0x00000000f2300000,0x00000000f2e00000)
 ParOldGen       total 40960K, used 23246K [0x00000000c0000000, 0x00000000c2800000, 0x00000000eab00000)
  object space 40960K, 56% used [0x00000000c0000000,0x00000000c16b3830,0x00000000c2800000)
 Metaspace       used 7791K, capacity 8074K, committed 8320K, reserved 1056768K
  class space    used 757K, capacity 821K, committed 896K, reserved 1048576K

