# JRE version: Java(TM) SE Runtime Environment (8.0_45-b14) (build 1.8.0_45-b14)
# Java VM: Java HotSpot(TM) 64-Bit Server VM (25.45-b02 mixed mode linux-amd64 compressed oops)
Heap:
 PSYoungGen      total 257536K, used 11774K [0x00000000eab00000, 0x00000000fb200000, 0x0000000100000000)
  eden space 245760K, 0% used [0x00000000eab00000,0x00000000eab00000,0x00000000f9b00000)
  from space 11776K, 99% used [0x00000000f9b00000,0x00000000fa67fb90,0x00000000fa680000)
  to   space 11776K, 0% used [0x00000000fa680000,0x00000000fa680000,0x00000000fb200000)
 ParOldGen       total 42496K, used 41674K [0x00000000c0000000, 0x00000000c2980000, 0x00000000eab00000)
  object space 42496K, 98% used [0x00000000c0000000,0x00000000c28b29e0,0x00000000c2980000)
 Metaspace       used 7607K, capacity 7882K, committed 7936K, reserved 1056768K
  class space    used 747K, capacity 757K, committed 768K, reserved 1048576K
GC Heap History (10 events):
Event: 2,569 GC heap after
Heap after GC invocations=4 (full 0):
 PSYoungGen      total 64000K, used 2553K [0x00000000eab00000, 0x00000000eec00000, 0x0000000100000000)
  eden space 61440K, 0% used [0x00000000eab00000,0x00000000eab00000,0x00000000ee700000)
  from space 2560K, 99% used [0x00000000ee980000,0x00000000eebfe4e0,0x00000000eec00000)
  to   space 2560K, 0% used [0x00000000ee700000,0x00000000ee700000,0x00000000ee980000)
 ParOldGen       total 40960K, used 15356K [0x00000000c0000000, 0x00000000c2800000, 0x00000000eab00000)
  object space 40960K, 37% used [0x00000000c0000000,0x00000000c0eff058,0x00000000c2800000)
 Metaspace       used 7459K, capacity 7876K, committed 7936K, reserved 1056768K
  class space    used 739K, capacity 756K, committed 768K, reserved 1048576K
}
Event: 2,946 GC heap before
{Heap before GC invocations=5 (full 0):
 PSYoungGen      total 64000K, used 63993K [0x00000000eab00000, 0x00000000eec00000, 0x0000000100000000)
  eden space 61440K, 100% used [0x00000000eab00000,0x00000000ee700000,0x00000000ee700000)
  from space 2560K, 99% used [0x00000000ee980000,0x00000000eebfe4e0,0x00000000eec00000)
  to   space 2560K, 0% used [0x00000000ee700000,0x00000000ee700000,0x00000000ee980000)
 ParOldGen       total 40960K, used 15356K [0x00000000c0000000, 0x00000000c2800000, 0x00000000eab00000)
  object space 40960K, 37% used [0x00000000c0000000,0x00000000c0eff058,0x00000000c2800000)
 Metaspace       used 7579K, capacity 7882K, committed 7936K, reserved 1056768K
  class space    used 747K, capacity 757K, committed 768K, reserved 1048576K
Event: 2,985 GC heap after
Heap after GC invocations=5 (full 0):
 PSYoungGen      total 64000K, used 2552K [0x00000000eab00000, 0x00000000f3d00000, 0x0000000100000000)
  eden space 61440K, 0% used [0x00000000eab00000,0x00000000eab00000,0x00000000ee700000)
  from space 2560K, 99% used [0x00000000ee700000,0x00000000ee97e318,0x00000000ee980000)
  to   space 13312K, 0% used [0x00000000f3000000,0x00000000f3000000,0x00000000f3d00000)
 ParOldGen       total 40960K, used 23184K [0x00000000c0000000, 0x00000000c2800000, 0x00000000eab00000)
  object space 40960K, 56% used [0x00000000c0000000,0x00000000c16a42c8,0x00000000c2800000)
 Metaspace       used 7579K, capacity 7882K, committed 7936K, reserved 1056768K
  class space    used 747K, capacity 757K, committed 768K, reserved 1048576K
}
Event: 3,275 GC heap before
{Heap before GC invocations=6 (full 0):
 PSYoungGen      total 64000K, used 63992K [0x00000000eab00000, 0x00000000f3d00000, 0x0000000100000000)
  eden space 61440K, 100% used [0x00000000eab00000,0x00000000ee700000,0x00000000ee700000)
  from space 2560K, 99% used [0x00000000ee700000,0x00000000ee97e318,0x00000000ee980000)
  to   space 13312K, 0% used [0x00000000f3000000,0x00000000f3000000,0x00000000f3d00000)
 ParOldGen       total 40960K, used 23184K [0x00000000c0000000, 0x00000000c2800000, 0x00000000eab00000)
  object space 40960K, 56% used [0x00000000c0000000,0x00000000c16a42c8,0x00000000c2800000)
 Metaspace       used 7588K, capacity 7882K, committed 7936K, reserved 1056768K
  class space    used 747K, capacity 757K, committed 768K, reserved 1048576K
Event: 3,298 GC heap after
Heap after GC invocations=6 (full 0):
 PSYoungGen      total 134144K, used 6385K [0x00000000eab00000, 0x00000000f3b00000, 0x0000000100000000)
  eden space 122880K, 0% used [0x00000000eab00000,0x00000000eab00000,0x00000000f2300000)
  from space 11264K, 56% used [0x00000000f3000000,0x00000000f363c718,0x00000000f3b00000)
  to   space 12288K, 0% used [0x00000000f2300000,0x00000000f2300000,0x00000000f2f00000)
 ParOldGen       total 40960K, used 23192K [0x00000000c0000000, 0x00000000c2800000, 0x00000000eab00000)
  object space 40960K, 56% used [0x00000000c0000000,0x00000000c16a62c8,0x00000000c2800000)
 Metaspace       used 7588K, capacity 7882K, committed 7936K, reserved 1056768K
  class space    used 747K, capacity 757K, committed 768K, reserved 1048576K
}
Event: 3,887 GC heap before
{Heap before GC invocations=7 (full 0):
 PSYoungGen      total 134144K, used 129265K [0x00000000eab00000, 0x00000000f3b00000, 0x0000000100000000)
  eden space 122880K, 100% used [0x00000000eab00000,0x00000000f2300000,0x00000000f2300000)
  from space 11264K, 56% used [0x00000000f3000000,0x00000000f363c718,0x00000000f3b00000)
  to   space 12288K, 0% used [0x00000000f2300000,0x00000000f2300000,0x00000000f2f00000)
 ParOldGen       total 40960K, used 23192K [0x00000000c0000000, 0x00000000c2800000, 0x00000000eab00000)
  object space 40960K, 56% used [0x00000000c0000000,0x00000000c16a62c8,0x00000000c2800000)
 Metaspace       used 7594K, capacity 7882K, committed 7936K, reserved 1056768K
  class space    used 747K, capacity 757K, committed 768K, reserved 1048576K
Event: 3,906 GC heap after
Heap after GC invocations=7 (full 0):
 PSYoungGen      total 135168K, used 6050K [0x00000000eab00000, 0x00000000fb200000, 0x0000000100000000)
  eden space 122880K, 0% used [0x00000000eab00000,0x00000000eab00000,0x00000000f2300000)
  from space 12288K, 49% used [0x00000000f2300000,0x00000000f28e8948,0x00000000f2f00000)
  to   space 11776K, 0% used [0x00000000fa680000,0x00000000fa680000,0x00000000fb200000)
 ParOldGen       total 40960K, used 25461K [0x00000000c0000000, 0x00000000c2800000, 0x00000000eab00000)
  object space 40960K, 62% used [0x00000000c0000000,0x00000000c18dd440,0x00000000c2800000)
 Metaspace       used 7594K, capacity 7882K, committed 7936K, reserved 1056768K
  class space    used 747K, capacity 757K, committed 768K, reserved 1048576K
}
Event: 4,381 GC heap before
{Heap before GC invocations=8 (full 0):
 PSYoungGen      total 135168K, used 128930K [0x00000000eab00000, 0x00000000fb200000, 0x0000000100000000)
  eden space 122880K, 100% used [0x00000000eab00000,0x00000000f2300000,0x00000000f2300000)
  from space 12288K, 49% used [0x00000000f2300000,0x00000000f28e8948,0x00000000f2f00000)
  to   space 11776K, 0% used [0x00000000fa680000,0x00000000fa680000,0x00000000fb200000)
 ParOldGen       total 40960K, used 25461K [0x00000000c0000000, 0x00000000c2800000, 0x00000000eab00000)
  object space 40960K, 62% used [0x00000000c0000000,0x00000000c18dd440,0x00000000c2800000)
 Metaspace       used 7600K, capacity 7882K, committed 7936K, reserved 1056768K
  class space    used 747K, capacity 757K, committed 768K, reserved 1048576K
Event: 4,399 GC heap after
Heap after GC invocations=8 (full 0):
 PSYoungGen      total 257536K, used 7465K [0x00000000eab00000, 0x00000000fb200000, 0x0000000100000000)
  eden space 245760K, 0% used [0x00000000eab00000,0x00000000eab00000,0x00000000f9b00000)
  from space 11776K, 63% used [0x00000000fa680000,0x00000000fadca528,0x00000000fb200000)
  to   space 11776K, 0% used [0x00000000f9b00000,0x00000000f9b00000,0x00000000fa680000)
 ParOldGen       total 40960K, used 26005K [0x00000000c0000000, 0x00000000c2800000, 0x00000000eab00000)
  object space 40960K, 63% used [0x00000000c0000000,0x00000000c1965458,0x00000000c2800000)
 Metaspace       used 7600K, capacity 7882K, committed 7936K, reserved 1056768K
  class space    used 747K, capacity 757K, committed 768K, reserved 1048576K
}
Event: 5,470 GC heap before
{Heap before GC invocations=9 (full 0):
 PSYoungGen      total 257536K, used 253225K [0x00000000eab00000, 0x00000000fb200000, 0x0000000100000000)
  eden space 245760K, 100% used [0x00000000eab00000,0x00000000f9b00000,0x00000000f9b00000)
  from space 11776K, 63% used [0x00000000fa680000,0x00000000fadca528,0x00000000fb200000)
  to   space 11776K, 0% used [0x00000000f9b00000,0x00000000f9b00000,0x00000000fa680000)
 ParOldGen       total 40960K, used 26005K [0x00000000c0000000, 0x00000000c2800000, 0x00000000eab00000)
  object space 40960K, 63% used [0x00000000c0000000,0x00000000c1965458,0x00000000c2800000)
 Metaspace       used 7607K, capacity 7882K, committed 7936K, reserved 1056768K
  class space    used 747K, capacity 757K, committed 768K, reserved 1048576K

