# JRE version: Java(TM) SE Runtime Environment (8.0_45-b14) (build 1.8.0_45-b14)
# Java VM: Java HotSpot(TM) 64-Bit Server VM (25.45-b02 mixed mode linux-amd64 compressed oops)
Heap:
 PSYoungGen      total 257024K, used 13933K [0x00000000eab00000, 0x00000000fb500000, 0x0000000100000000)
  eden space 242688K, 0% used [0x00000000eab00000,0x00000000eab00000,0x00000000f9800000)
  from space 14336K, 97% used [0x00000000f9800000,0x00000000fa59b658,0x00000000fa600000)
  to   space 13312K, 0% used [0x00000000fa600000,0x00000000fa600000,0x00000000fb300000)
 ParOldGen       total 40960K, used 25922K [0x00000000c0000000, 0x00000000c2800000, 0x00000000eab00000)
  object space 40960K, 63% used [0x00000000c0000000,0x00000000c1950b88,0x00000000c2800000)
 Metaspace       used 7679K, capacity 7946K, committed 8192K, reserved 1056768K
  class space    used 748K, capacity 757K, committed 768K, reserved 1048576K
GC Heap History (10 events):
Event: 2,811 GC heap after
Heap after GC invocations=4 (full 0):
 PSYoungGen      total 64000K, used 2549K [0x00000000eab00000, 0x00000000eec00000, 0x0000000100000000)
  eden space 61440K, 0% used [0x00000000eab00000,0x00000000eab00000,0x00000000ee700000)
  from space 2560K, 99% used [0x00000000ee980000,0x00000000eebfd428,0x00000000eec00000)
  to   space 2560K, 0% used [0x00000000ee700000,0x00000000ee700000,0x00000000ee980000)
 ParOldGen       total 40960K, used 15423K [0x00000000c0000000, 0x00000000c2800000, 0x00000000eab00000)
  object space 40960K, 37% used [0x00000000c0000000,0x00000000c0f0ff48,0x00000000c2800000)
 Metaspace       used 7515K, capacity 7876K, committed 7936K, reserved 1056768K
  class space    used 739K, capacity 756K, committed 768K, reserved 1048576K
}
Event: 3,333 GC heap before
{Heap before GC invocations=5 (full 0):
 PSYoungGen      total 64000K, used 63989K [0x00000000eab00000, 0x00000000eec00000, 0x0000000100000000)
  eden space 61440K, 100% used [0x00000000eab00000,0x00000000ee700000,0x00000000ee700000)
  from space 2560K, 99% used [0x00000000ee980000,0x00000000eebfd428,0x00000000eec00000)
  to   space 2560K, 0% used [0x00000000ee700000,0x00000000ee700000,0x00000000ee980000)
 ParOldGen       total 40960K, used 15423K [0x00000000c0000000, 0x00000000c2800000, 0x00000000eab00000)
  object space 40960K, 37% used [0x00000000c0000000,0x00000000c0f0ff48,0x00000000c2800000)
 Metaspace       used 7633K, capacity 7946K, committed 8192K, reserved 1056768K
  class space    used 748K, capacity 757K, committed 768K, reserved 1048576K
Event: 3,354 GC heap after
Heap after GC invocations=5 (full 0):
 PSYoungGen      total 64000K, used 2546K [0x00000000eab00000, 0x00000000f3900000, 0x0000000100000000)
  eden space 61440K, 0% used [0x00000000eab00000,0x00000000eab00000,0x00000000ee700000)
  from space 2560K, 99% used [0x00000000ee700000,0x00000000ee97ca28,0x00000000ee980000)
  to   space 11264K, 0% used [0x00000000f2e00000,0x00000000f2e00000,0x00000000f3900000)
 ParOldGen       total 40960K, used 20385K [0x00000000c0000000, 0x00000000c2800000, 0x00000000eab00000)
  object space 40960K, 49% used [0x00000000c0000000,0x00000000c13e8680,0x00000000c2800000)
 Metaspace       used 7633K, capacity 7946K, committed 8192K, reserved 1056768K
  class space    used 748K, capacity 757K, committed 768K, reserved 1048576K
}
Event: 3,682 GC heap before
{Heap before GC invocations=6 (full 0):
 PSYoungGen      total 64000K, used 63986K [0x00000000eab00000, 0x00000000f3900000, 0x0000000100000000)
  eden space 61440K, 100% used [0x00000000eab00000,0x00000000ee700000,0x00000000ee700000)
  from space 2560K, 99% used [0x00000000ee700000,0x00000000ee97ca28,0x00000000ee980000)
  to   space 11264K, 0% used [0x00000000f2e00000,0x00000000f2e00000,0x00000000f3900000)
 ParOldGen       total 40960K, used 20385K [0x00000000c0000000, 0x00000000c2800000, 0x00000000eab00000)
  object space 40960K, 49% used [0x00000000c0000000,0x00000000c13e8680,0x00000000c2800000)
 Metaspace       used 7657K, capacity 7946K, committed 8192K, reserved 1056768K
  class space    used 748K, capacity 757K, committed 768K, reserved 1048576K
Event: 3,720 GC heap after
Heap after GC invocations=6 (full 0):
 PSYoungGen      total 133120K, used 9417K [0x00000000eab00000, 0x00000000f3b00000, 0x0000000100000000)
  eden space 121856K, 0% used [0x00000000eab00000,0x00000000eab00000,0x00000000f2200000)
  from space 11264K, 83% used [0x00000000f2e00000,0x00000000f37325a0,0x00000000f3900000)
  to   space 12288K, 0% used [0x00000000f2200000,0x00000000f2200000,0x00000000f2e00000)
 ParOldGen       total 40960K, used 20393K [0x00000000c0000000, 0x00000000c2800000, 0x00000000eab00000)
  object space 40960K, 49% used [0x00000000c0000000,0x00000000c13ea680,0x00000000c2800000)
 Metaspace       used 7657K, capacity 7946K, committed 8192K, reserved 1056768K
  class space    used 748K, capacity 757K, committed 768K, reserved 1048576K
}
Event: 4,546 GC heap before
{Heap before GC invocations=7 (full 0):
 PSYoungGen      total 133120K, used 131273K [0x00000000eab00000, 0x00000000f3b00000, 0x0000000100000000)
  eden space 121856K, 100% used [0x00000000eab00000,0x00000000f2200000,0x00000000f2200000)
  from space 11264K, 83% used [0x00000000f2e00000,0x00000000f37325a0,0x00000000f3900000)
  to   space 12288K, 0% used [0x00000000f2200000,0x00000000f2200000,0x00000000f2e00000)
 ParOldGen       total 40960K, used 20393K [0x00000000c0000000, 0x00000000c2800000, 0x00000000eab00000)
  object space 40960K, 49% used [0x00000000c0000000,0x00000000c13ea680,0x00000000c2800000)
 Metaspace       used 7662K, capacity 7946K, committed 8192K, reserved 1056768K
  class space    used 748K, capacity 757K, committed 768K, reserved 1048576K
Event: 4,580 GC heap after
Heap after GC invocations=7 (full 0):
 PSYoungGen      total 134144K, used 10713K [0x00000000eab00000, 0x00000000fb300000, 0x0000000100000000)
  eden space 121856K, 0% used [0x00000000eab00000,0x00000000eab00000,0x00000000f2200000)
  from space 12288K, 87% used [0x00000000f2200000,0x00000000f2c765b0,0x00000000f2e00000)
  to   space 13312K, 0% used [0x00000000fa600000,0x00000000fa600000,0x00000000fb300000)
 ParOldGen       total 40960K, used 22272K [0x00000000c0000000, 0x00000000c2800000, 0x00000000eab00000)
  object space 40960K, 54% used [0x00000000c0000000,0x00000000c15c02d8,0x00000000c2800000)
 Metaspace       used 7662K, capacity 7946K, committed 8192K, reserved 1056768K
  class space    used 748K, capacity 757K, committed 768K, reserved 1048576K
}
Event: 5,001 GC heap before
{Heap before GC invocations=8 (full 0):
 PSYoungGen      total 134144K, used 132569K [0x00000000eab00000, 0x00000000fb300000, 0x0000000100000000)
  eden space 121856K, 100% used [0x00000000eab00000,0x00000000f2200000,0x00000000f2200000)
  from space 12288K, 87% used [0x00000000f2200000,0x00000000f2c765b0,0x00000000f2e00000)
  to   space 13312K, 0% used [0x00000000fa600000,0x00000000fa600000,0x00000000fb300000)
 ParOldGen       total 40960K, used 22272K [0x00000000c0000000, 0x00000000c2800000, 0x00000000eab00000)
  object space 40960K, 54% used [0x00000000c0000000,0x00000000c15c02d8,0x00000000c2800000)
 Metaspace       used 7668K, capacity 7946K, committed 8192K, reserved 1056768K
  class space    used 748K, capacity 757K, committed 768K, reserved 1048576K
Event: 5,043 GC heap after
Heap after GC invocations=8 (full 0):
 PSYoungGen      total 256000K, used 10827K [0x00000000eab00000, 0x00000000fb500000, 0x0000000100000000)
  eden space 242688K, 0% used [0x00000000eab00000,0x00000000eab00000,0x00000000f9800000)
  from space 13312K, 81% used [0x00000000fa600000,0x00000000fb092dc8,0x00000000fb300000)
  to   space 14336K, 0% used [0x00000000f9800000,0x00000000f9800000,0x00000000fa600000)
 ParOldGen       total 40960K, used 25826K [0x00000000c0000000, 0x00000000c2800000, 0x00000000eab00000)
  object space 40960K, 63% used [0x00000000c0000000,0x00000000c1938b68,0x00000000c2800000)
 Metaspace       used 7668K, capacity 7946K, committed 8192K, reserved 1056768K
  class space    used 748K, capacity 757K, committed 768K, reserved 1048576K
}
Event: 6,562 GC heap before
{Heap before GC invocations=9 (full 0):
 PSYoungGen      total 256000K, used 253515K [0x00000000eab00000, 0x00000000fb500000, 0x0000000100000000)
  eden space 242688K, 100% used [0x00000000eab00000,0x00000000f9800000,0x00000000f9800000)
  from space 13312K, 81% used [0x00000000fa600000,0x00000000fb092dc8,0x00000000fb300000)
  to   space 14336K, 0% used [0x00000000f9800000,0x00000000f9800000,0x00000000fa600000)
 ParOldGen       total 40960K, used 25826K [0x00000000c0000000, 0x00000000c2800000, 0x00000000eab00000)
  object space 40960K, 63% used [0x00000000c0000000,0x00000000c1938b68,0x00000000c2800000)
 Metaspace       used 7679K, capacity 7946K, committed 8192K, reserved 1056768K
  class space    used 748K, capacity 757K, committed 768K, reserved 1048576K

